training the neural network...
epoch 1/200
train loss: 1.5255 acc: 0.4756
val loss: 1.4693 acc: 0.4970
epoch 2/200
train loss: 1.5247 acc: 0.4757
val loss: 1.4663 acc: 0.5006
epoch 3/200
train loss: 1.5252 acc: 0.4752
val loss: 1.4648 acc: 0.5050
epoch 4/200
train loss: 1.5252 acc: 0.4778
val loss: 1.4794 acc: 0.4973
epoch 5/200
train loss: 1.5207 acc: 0.4793
val loss: 1.4610 acc: 0.5108
epoch 6/200
train loss: 1.5248 acc: 0.4761
val loss: 1.4617 acc: 0.5038
epoch 7/200
train loss: 1.5205 acc: 0.4777
val loss: 1.4685 acc: 0.4986
epoch 8/200
train loss: 1.5228 acc: 0.4764
val loss: 1.4660 acc: 0.5040
epoch 9/200
train loss: 1.5234 acc: 0.4768
val loss: 1.4562 acc: 0.5104
epoch 10/200
train loss: 1.5219 acc: 0.4766
val loss: 1.4703 acc: 0.5018
epoch 11/200
train loss: 1.5221 acc: 0.4765
val loss: 1.4664 acc: 0.5043
epoch 12/200
train loss: 1.5207 acc: 0.4786
val loss: 1.4664 acc: 0.5045
epoch 13/200
train loss: 1.5230 acc: 0.4770
val loss: 1.4780 acc: 0.4982
epoch 14/200
train loss: 1.5207 acc: 0.4777
val loss: 1.4753 acc: 0.4948
epoch 15/200
train loss: 1.5203 acc: 0.4784
val loss: 1.4619 acc: 0.5051
epoch 16/200
train loss: 1.5201 acc: 0.4781
val loss: 1.4594 acc: 0.5088
epoch 17/200
train loss: 1.5182 acc: 0.4790
val loss: 1.4558 acc: 0.5092
epoch 18/200
train loss: 1.5193 acc: 0.4792
val loss: 1.4639 acc: 0.5042
epoch 19/200
train loss: 1.5228 acc: 0.4775
val loss: 1.4696 acc: 0.5014
epoch 20/200
train loss: 1.5170 acc: 0.4788
val loss: 1.4608 acc: 0.5064
epoch 21/200
train loss: 1.5194 acc: 0.4797
val loss: 1.4731 acc: 0.4990
epoch 22/200
train loss: 1.5221 acc: 0.4764
val loss: 1.4636 acc: 0.5058
epoch 23/200
train loss: 1.5180 acc: 0.4781
val loss: 1.4627 acc: 0.5049
epoch 24/200
train loss: 1.5134 acc: 0.4806
val loss: 1.4587 acc: 0.5075
epoch 25/200
train loss: 1.5160 acc: 0.4799
val loss: 1.4639 acc: 0.5053
epoch 26/200
train loss: 1.5133 acc: 0.4804
val loss: 1.4611 acc: 0.5084
epoch 27/200
train loss: 1.5165 acc: 0.4799
val loss: 1.4581 acc: 0.5017
epoch 28/200
train loss: 1.5147 acc: 0.4801
val loss: 1.4664 acc: 0.5001
epoch 29/200
train loss: 1.5170 acc: 0.4800
val loss: 1.4595 acc: 0.5052
epoch 30/200
train loss: 1.5152 acc: 0.4800
val loss: 1.4535 acc: 0.5078
epoch 31/200
train loss: 1.5163 acc: 0.4807
val loss: 1.4965 acc: 0.4873
epoch 32/200
train loss: 1.5136 acc: 0.4809
val loss: 1.4461 acc: 0.5136
epoch 33/200
train loss: 1.5123 acc: 0.4810
val loss: 1.4616 acc: 0.5000
epoch 34/200
train loss: 1.5141 acc: 0.4805
val loss: 1.4565 acc: 0.5081
epoch 35/200
train loss: 1.5131 acc: 0.4799
val loss: 1.4534 acc: 0.5090
epoch 36/200
train loss: 1.5133 acc: 0.4807
val loss: 1.4537 acc: 0.5059
epoch 37/200
train loss: 1.5116 acc: 0.4820
val loss: 1.4665 acc: 0.4994
epoch 38/200
train loss: 1.5106 acc: 0.4827
val loss: 1.4550 acc: 0.5121
epoch 39/200
train loss: 1.5121 acc: 0.4811
val loss: 1.4746 acc: 0.5003
epoch 40/200
train loss: 1.5140 acc: 0.4800
val loss: 1.4556 acc: 0.5089
epoch 41/200
train loss: 1.5119 acc: 0.4821
val loss: 1.4526 acc: 0.5071
epoch 42/200
train loss: 1.5133 acc: 0.4810
val loss: 1.4676 acc: 0.5040
epoch 43/200
train loss: 1.5114 acc: 0.4809
val loss: 1.4508 acc: 0.5068
epoch 44/200
train loss: 1.5121 acc: 0.4799
val loss: 1.4477 acc: 0.5089
epoch 45/200
train loss: 1.5095 acc: 0.4821
val loss: 1.4499 acc: 0.5109
epoch 46/200
train loss: 1.5072 acc: 0.4820
val loss: 1.4488 acc: 0.5095
epoch 47/200
train loss: 1.5104 acc: 0.4815
val loss: 1.4703 acc: 0.4981
epoch 48/200
train loss: 1.5101 acc: 0.4813
val loss: 1.4581 acc: 0.5061
epoch 49/200
train loss: 1.5099 acc: 0.4804
val loss: 1.4467 acc: 0.5074
epoch 50/200
train loss: 1.5096 acc: 0.4827
val loss: 1.4638 acc: 0.5063
epoch 51/200
train loss: 1.5047 acc: 0.4840
val loss: 1.4584 acc: 0.5023
epoch 52/200
train loss: 1.5062 acc: 0.4841
val loss: 1.4517 acc: 0.5119
epoch 53/200
train loss: 1.5080 acc: 0.4818
val loss: 1.4537 acc: 0.5043
epoch 54/200
train loss: 1.5062 acc: 0.4841
val loss: 1.4543 acc: 0.5068
epoch 55/200
train loss: 1.5128 acc: 0.4817
val loss: 1.4424 acc: 0.5137
epoch 56/200
train loss: 1.5094 acc: 0.4819
val loss: 1.4489 acc: 0.5114
epoch 57/200
train loss: 1.5080 acc: 0.4829
val loss: 1.4760 acc: 0.4938
epoch 58/200
train loss: 1.5073 acc: 0.4840
val loss: 1.4661 acc: 0.4966
epoch 59/200
train loss: 1.5060 acc: 0.4835
val loss: 1.4410 acc: 0.5131
epoch 60/200
train loss: 1.5053 acc: 0.4824
val loss: 1.4684 acc: 0.5021
epoch 61/200
train loss: 1.5117 acc: 0.4805
val loss: 1.4501 acc: 0.5047
epoch 62/200
train loss: 1.5028 acc: 0.4855
val loss: 1.4549 acc: 0.5110
epoch 63/200
train loss: 1.5057 acc: 0.4849
val loss: 1.4533 acc: 0.5081
epoch 64/200
train loss: 1.5034 acc: 0.4846
val loss: 1.4515 acc: 0.5080
epoch 65/200
train loss: 1.5038 acc: 0.4850
val loss: 1.4409 acc: 0.5122
epoch 66/200
train loss: 1.5057 acc: 0.4844
val loss: 1.4540 acc: 0.5076
epoch 67/200
train loss: 1.5063 acc: 0.4831
val loss: 1.4518 acc: 0.5105
epoch 68/200
train loss: 1.5039 acc: 0.4837
val loss: 1.4449 acc: 0.5109
epoch 69/200
train loss: 1.5030 acc: 0.4858
val loss: 1.4406 acc: 0.5175
epoch 70/200
train loss: 1.5024 acc: 0.4837
val loss: 1.4339 acc: 0.5159
epoch 71/200
train loss: 1.5023 acc: 0.4847
val loss: 1.4479 acc: 0.5132
epoch 72/200
train loss: 1.5043 acc: 0.4846
val loss: 1.4490 acc: 0.5115
epoch 73/200
train loss: 1.5007 acc: 0.4857
val loss: 1.4365 acc: 0.5151
epoch 74/200
train loss: 1.5026 acc: 0.4857
val loss: 1.4673 acc: 0.5008
epoch 75/200
train loss: 1.5022 acc: 0.4834
val loss: 1.4462 acc: 0.5065
epoch 76/200
train loss: 1.5007 acc: 0.4841
val loss: 1.4419 acc: 0.5132
epoch 77/200
train loss: 1.5006 acc: 0.4854
val loss: 1.4482 acc: 0.5152
epoch 78/200
train loss: 1.4999 acc: 0.4863
val loss: 1.4482 acc: 0.5045
epoch 79/200
train loss: 1.4991 acc: 0.4865
val loss: 1.4352 acc: 0.5141
epoch 80/200
train loss: 1.5021 acc: 0.4846
val loss: 1.4424 acc: 0.5135
epoch 81/200
train loss: 1.5033 acc: 0.4843
val loss: 1.4472 acc: 0.5093
epoch 82/200
train loss: 1.5047 acc: 0.4837
val loss: 1.4554 acc: 0.5028
epoch 83/200
train loss: 1.5020 acc: 0.4843
val loss: 1.4459 acc: 0.5128
epoch 84/200
train loss: 1.5021 acc: 0.4858
val loss: 1.4528 acc: 0.5085
epoch 85/200
train loss: 1.5022 acc: 0.4849
val loss: 1.4428 acc: 0.5155
epoch 86/200
train loss: 1.4970 acc: 0.4878
val loss: 1.4279 acc: 0.5202
epoch 87/200
train loss: 1.4977 acc: 0.4866
val loss: 1.4395 acc: 0.5144
epoch 88/200
train loss: 1.4970 acc: 0.4873
val loss: 1.4473 acc: 0.5131
epoch 89/200
train loss: 1.4982 acc: 0.4872
val loss: 1.4458 acc: 0.5116
epoch 90/200
train loss: 1.4993 acc: 0.4866
val loss: 1.4364 acc: 0.5134
epoch 91/200
train loss: 1.5001 acc: 0.4855
val loss: 1.4330 acc: 0.5131
epoch 92/200
train loss: 1.4991 acc: 0.4867
val loss: 1.4493 acc: 0.5045
epoch 93/200
train loss: 1.4983 acc: 0.4870
val loss: 1.4456 acc: 0.5146
epoch 94/200
train loss: 1.4971 acc: 0.4865
val loss: 1.4436 acc: 0.5132
epoch 95/200
train loss: 1.4970 acc: 0.4867
val loss: 1.4406 acc: 0.5142
epoch 96/200
train loss: 1.4961 acc: 0.4862
val loss: 1.4457 acc: 0.5119
epoch 97/200
train loss: 1.4948 acc: 0.4885
val loss: 1.4427 acc: 0.5142
epoch 98/200
train loss: 1.4980 acc: 0.4865
val loss: 1.4455 acc: 0.5111
epoch 99/200
train loss: 1.4978 acc: 0.4864
val loss: 1.4422 acc: 0.5128
epoch 100/200
train loss: 1.4983 acc: 0.4867
val loss: 1.4389 acc: 0.5177
epoch 101/200
train loss: 1.4947 acc: 0.4869
val loss: 1.4369 acc: 0.5134
epoch 102/200
train loss: 1.4952 acc: 0.4878
val loss: 1.4286 acc: 0.5181
epoch 103/200
train loss: 1.4955 acc: 0.4881
val loss: 1.4455 acc: 0.5155
epoch 104/200
train loss: 1.4924 acc: 0.4878
val loss: 1.4408 acc: 0.5155
epoch 105/200
train loss: 1.4990 acc: 0.4870
val loss: 1.4470 acc: 0.5135
epoch 106/200
train loss: 1.4966 acc: 0.4879
val loss: 1.4438 acc: 0.5082
epoch 107/200
train loss: 1.4936 acc: 0.4879
val loss: 1.4428 acc: 0.5107
epoch 108/200
train loss: 1.4970 acc: 0.4861
val loss: 1.4443 acc: 0.5068
epoch 109/200
train loss: 1.4946 acc: 0.4882
val loss: 1.4473 acc: 0.5061
epoch 110/200
train loss: 1.4955 acc: 0.4868
val loss: 1.4354 acc: 0.5152
epoch 111/200
train loss: 1.4937 acc: 0.4887
val loss: 1.4361 acc: 0.5158
epoch 112/200
train loss: 1.4936 acc: 0.4874
val loss: 1.4428 acc: 0.5134
epoch 113/200
train loss: 1.4953 acc: 0.4881
val loss: 1.4455 acc: 0.5107
epoch 114/200
train loss: 1.4969 acc: 0.4880
val loss: 1.4303 acc: 0.5222
epoch 115/200
train loss: 1.4952 acc: 0.4883
val loss: 1.4350 acc: 0.5128
epoch 116/200
train loss: 1.4920 acc: 0.4895
val loss: 1.4347 acc: 0.5165
epoch 117/200
train loss: 1.4923 acc: 0.4894
val loss: 1.4345 acc: 0.5182
epoch 118/200
train loss: 1.4944 acc: 0.4877
val loss: 1.4409 acc: 0.5117
epoch 119/200
train loss: 1.4918 acc: 0.4901
val loss: 1.4391 acc: 0.5120
epoch 120/200
train loss: 1.4935 acc: 0.4890
val loss: 1.4482 acc: 0.5091
epoch 121/200
train loss: 1.4928 acc: 0.4890
val loss: 1.4394 acc: 0.5106
epoch 122/200
train loss: 1.4943 acc: 0.4879
val loss: 1.4376 acc: 0.5125
epoch 123/200
train loss: 1.4911 acc: 0.4893
val loss: 1.4341 acc: 0.5153
epoch 124/200
train loss: 1.4934 acc: 0.4882
val loss: 1.4433 acc: 0.5112
epoch 125/200
train loss: 1.4948 acc: 0.4868
val loss: 1.4275 acc: 0.5155
epoch 126/200
train loss: 1.4938 acc: 0.4869
val loss: 1.4420 acc: 0.5123
epoch 127/200
train loss: 1.4891 acc: 0.4899
val loss: 1.4310 acc: 0.5168
epoch 128/200
train loss: 1.4907 acc: 0.4905
val loss: 1.4386 acc: 0.5146
epoch 129/200
train loss: 1.4929 acc: 0.4887
val loss: 1.4394 acc: 0.5137
epoch 130/200
train loss: 1.4927 acc: 0.4876
val loss: 1.4340 acc: 0.5157
epoch 131/200
train loss: 1.4909 acc: 0.4882
val loss: 1.4464 acc: 0.5083
epoch 132/200
train loss: 1.4912 acc: 0.4909
val loss: 1.4477 acc: 0.5025
epoch 133/200
train loss: 1.4907 acc: 0.4896
val loss: 1.4240 acc: 0.5196
epoch 134/200
train loss: 1.4909 acc: 0.4897
val loss: 1.4337 acc: 0.5148
epoch 135/200
train loss: 1.4888 acc: 0.4904
val loss: 1.4295 acc: 0.5185
epoch 136/200
train loss: 1.4918 acc: 0.4882
val loss: 1.4521 acc: 0.5058
epoch 137/200
train loss: 1.4882 acc: 0.4908
val loss: 1.4248 acc: 0.5197
epoch 138/200
train loss: 1.4915 acc: 0.4902
val loss: 1.4382 acc: 0.5136
epoch 139/200
train loss: 1.4888 acc: 0.4892
val loss: 1.4329 acc: 0.5178
epoch 140/200
train loss: 1.4920 acc: 0.4889
val loss: 1.4345 acc: 0.5155
epoch 141/200
train loss: 1.4895 acc: 0.4890
val loss: 1.4471 acc: 0.5090
epoch 142/200
train loss: 1.4888 acc: 0.4893
val loss: 1.4273 acc: 0.5224
epoch 143/200
train loss: 1.4890 acc: 0.4893
val loss: 1.4278 acc: 0.5159
epoch 144/200
train loss: 1.4879 acc: 0.4901
val loss: 1.4306 acc: 0.5131
epoch 145/200
train loss: 1.4881 acc: 0.4905
val loss: 1.4352 acc: 0.5126
epoch 146/200
train loss: 1.4891 acc: 0.4907
val loss: 1.4372 acc: 0.5130
epoch 147/200
train loss: 1.4887 acc: 0.4889
val loss: 1.4429 acc: 0.5134
epoch 148/200
train loss: 1.4878 acc: 0.4905
val loss: 1.4411 acc: 0.5148
epoch 149/200
train loss: 1.4859 acc: 0.4914
val loss: 1.4401 acc: 0.5159
epoch 150/200
train loss: 1.4880 acc: 0.4902
val loss: 1.4445 acc: 0.5126
epoch 151/200
train loss: 1.4864 acc: 0.4902
val loss: 1.4336 acc: 0.5165
epoch 152/200
train loss: 1.4871 acc: 0.4902
val loss: 1.4281 acc: 0.5199
epoch 153/200
train loss: 1.4856 acc: 0.4918
val loss: 1.4328 acc: 0.5128
epoch 154/200
train loss: 1.4865 acc: 0.4929
val loss: 1.4329 acc: 0.5154
epoch 155/200
train loss: 1.4863 acc: 0.4912
val loss: 1.4271 acc: 0.5198
epoch 156/200
train loss: 1.4879 acc: 0.4898
val loss: 1.4265 acc: 0.5195
epoch 157/200
train loss: 1.4845 acc: 0.4935
val loss: 1.4291 acc: 0.5214
epoch 158/200
train loss: 1.4846 acc: 0.4919
val loss: 1.4244 acc: 0.5199
epoch 159/200
train loss: 1.4866 acc: 0.4904
val loss: 1.4331 acc: 0.5147
epoch 160/200
train loss: 1.4872 acc: 0.4908
val loss: 1.4375 acc: 0.5168
epoch 161/200
train loss: 1.4860 acc: 0.4912
val loss: 1.4454 acc: 0.5112
epoch 162/200
train loss: 1.4835 acc: 0.4929
val loss: 1.4350 acc: 0.5144
epoch 163/200
train loss: 1.4851 acc: 0.4909
val loss: 1.4485 acc: 0.5103
epoch 164/200
train loss: 1.4872 acc: 0.4906
val loss: 1.4328 acc: 0.5105
epoch 165/200
train loss: 1.4847 acc: 0.4907
val loss: 1.4218 acc: 0.5182
epoch 166/200
train loss: 1.4858 acc: 0.4911
val loss: 1.4364 acc: 0.5104
epoch 167/200
train loss: 1.4857 acc: 0.4917
val loss: 1.4301 acc: 0.5154
epoch 168/200
train loss: 1.4875 acc: 0.4916
val loss: 1.4305 acc: 0.5175
epoch 169/200
train loss: 1.4867 acc: 0.4924
val loss: 1.4339 acc: 0.5086
epoch 170/200
train loss: 1.4823 acc: 0.4934
val loss: 1.4304 acc: 0.5156
epoch 171/200
train loss: 1.4828 acc: 0.4935
val loss: 1.4335 acc: 0.5152
epoch 172/200
train loss: 1.4829 acc: 0.4914
val loss: 1.4264 acc: 0.5231
epoch 173/200
train loss: 1.4824 acc: 0.4934
val loss: 1.4225 acc: 0.5196
epoch 174/200
train loss: 1.4889 acc: 0.4906
val loss: 1.4379 acc: 0.5141
epoch 175/200
train loss: 1.4848 acc: 0.4907
val loss: 1.4345 acc: 0.5088
epoch 176/200
train loss: 1.4848 acc: 0.4921
val loss: 1.4326 acc: 0.5189
epoch 177/200
train loss: 1.4821 acc: 0.4919
val loss: 1.4208 acc: 0.5206
epoch 178/200
train loss: 1.4855 acc: 0.4916
val loss: 1.4314 acc: 0.5161
epoch 179/200
train loss: 1.4842 acc: 0.4917
val loss: 1.4322 acc: 0.5178
epoch 180/200
train loss: 1.4815 acc: 0.4931
val loss: 1.4246 acc: 0.5165
epoch 181/200
train loss: 1.4816 acc: 0.4926
val loss: 1.4301 acc: 0.5166
epoch 182/200
train loss: 1.4843 acc: 0.4908
val loss: 1.4355 acc: 0.5156
epoch 183/200
train loss: 1.4848 acc: 0.4918
val loss: 1.4150 acc: 0.5247
epoch 184/200
train loss: 1.4837 acc: 0.4922
val loss: 1.4353 acc: 0.5177
epoch 185/200
train loss: 1.4813 acc: 0.4926
val loss: 1.4307 acc: 0.5167
epoch 186/200
train loss: 1.4809 acc: 0.4935
val loss: 1.4300 acc: 0.5186
epoch 187/200
train loss: 1.4809 acc: 0.4929
val loss: 1.4325 acc: 0.5155
epoch 188/200
train loss: 1.4796 acc: 0.4930
val loss: 1.4336 acc: 0.5155
epoch 189/200
train loss: 1.4833 acc: 0.4922
val loss: 1.4292 acc: 0.5166
epoch 190/200
train loss: 1.4793 acc: 0.4940
val loss: 1.4400 acc: 0.5130
epoch 191/200
train loss: 1.4819 acc: 0.4915
val loss: 1.4405 acc: 0.5136
epoch 192/200
train loss: 1.4834 acc: 0.4924
val loss: 1.4263 acc: 0.5183
epoch 193/200
train loss: 1.4807 acc: 0.4937
val loss: 1.4255 acc: 0.5215
epoch 194/200
train loss: 1.4810 acc: 0.4926
val loss: 1.4421 acc: 0.5124
epoch 195/200
train loss: 1.4825 acc: 0.4927
val loss: 1.4261 acc: 0.5203
epoch 196/200
train loss: 1.4808 acc: 0.4932
val loss: 1.4224 acc: 0.5202
epoch 197/200
train loss: 1.4831 acc: 0.4928
val loss: 1.4288 acc: 0.5181
epoch 198/200
train loss: 1.4812 acc: 0.4918
val loss: 1.4347 acc: 0.5140
epoch 199/200
train loss: 1.4812 acc: 0.4937
val loss: 1.4329 acc: 0.5159
epoch 200/200
train loss: 1.4810 acc: 0.4940
val loss: 1.4258 acc: 0.5160
model saved to drive/MyDrive/best_nn.pth
test acc: 0.5180

val:
              precision    recall  f1-score   support

       ROM01       0.64      0.38      0.48      4788
       ROM02       0.63      0.35      0.45      4806
       ROM03       0.45      0.82      0.58     10771
       ROM04       0.51      0.32      0.39      4077
       ROM05       0.52      0.47      0.50      2538
       ROM06       0.45      0.42      0.44      3942
       ROM07       0.59      0.50      0.54      4752
       ROM08       0.60      0.54      0.57      5157
       ROM09       0.70      0.48      0.57      5024

    accuracy                           0.52     45855
   macro avg       0.56      0.48      0.50     45855
weighted avg       0.56      0.52      0.51     45855

test:
              precision    recall  f1-score   support

       ROM01       0.61      0.39      0.47      5134
       ROM02       0.60      0.44      0.51      5160
       ROM03       0.43      0.84      0.57     11564
       ROM04       0.50      0.14      0.22      4379
       ROM05       0.57      0.48      0.52      2726
       ROM06       0.49      0.43      0.46      4234
       ROM07       0.54      0.46      0.50      5104
       ROM08       0.60      0.44      0.51      5539
       ROM09       0.79      0.55      0.65      5652

    accuracy                           0.52     49492
   macro avg       0.57      0.46      0.49     49492
weighted avg       0.56      0.52      0.50     49492
